12:09:34 直流下束... 
12:09:54 停止 
12:09:54 停止扫描... 
12:12:32 停止 
12:12:32 停止扫描... 
12:13:10 直流下束... 
12:13:23 停止 
12:13:23 停止扫描... 
12:13:25 直流下束... 
12:15:29 停止 
12:15:29 停止扫描... 
12:16:00 开始X方向预热 
12:16:01 X向预热... 
12:16:49 停止 
12:16:49 停止扫描... 
12:17:00 开始X方向预热 
12:17:00 X向预热... 
12:18:19 停止 
12:18:19 停止扫描... 
12:18:25 开始X方向预热 
12:18:25 X向预热... 
12:19:38 开始X方向预热 
12:19:38 X向预热... 
12:20:17 开始X方向预热 
12:20:17 X向预热... 
12:22:10 停止 
12:22:10 停止扫描... 
12:22:16 开始X方向预热 
12:22:16 X向预热... 
12:23:13 停止 
12:23:13 停止扫描... 
12:24:48 开始X方向预热 
12:24:48 X向预热... 
12:27:39 停止 
12:27:39 停止扫描... 
12:28:49 cad  扫描 
12:29:21 cad  扫描 
12:29:42 cad  扫描 
12:32:07 开始Y方向预热 
12:32:07 Y向预热... 
12:35:56 停止 
12:35:56 停止扫描... 
12:36:00 空扫... 
12:36:00 空扫... 
12:36:25 开始Y方向预热 
12:36:26 Y向预热... 
12:36:40 停止 
12:36:40 停止扫描... 
12:36:42 开始Y方向预热 
12:36:43 Y向预热... 
12:37:13 开始Y方向预热 
12:37:14 Y向预热... 
12:37:26 开始Y方向预热 
12:37:26 Y向预热... 
12:38:35 停止 
12:38:35 停止扫描... 
12:40:20 开始Y方向预热 
12:40:20 Y向预热... 
12:42:32 停止 
12:42:32 停止扫描... 
12:42:34 开始Y方向预热 
12:42:34 Y向预热... 
12:43:12 开始Y方向预热 
12:43:13 Y向预热... 
12:43:25 停止 
12:43:25 停止扫描... 
12:43:28 开始X方向预热 
12:43:28 X向预热... 
12:47:54 停止 
12:47:54 停止扫描... 
12:48:04 直流下束... 
12:48:25 停止 
12:48:25 停止扫描... 
12:48:29 直流下束... 
12:49:47 停止 
12:49:47 停止扫描... 
12:49:49 直流下束... 
12:49:51 停止 
12:49:51 停止扫描... 
12:49:57 直流下束... 
12:50:01 停止 
12:50:01 停止扫描... 
12:50:06 开始X方向预热 
12:50:07 X向预热... 
12:50:09 停止 
12:50:09 停止扫描... 
12:50:15 直流下束... 
12:50:27 停止 
12:50:27 停止扫描... 
12:50:32 开始X方向预热 
12:50:32 X向预热... 
12:50:38 停止 
12:50:38 停止扫描... 
12:50:42 直流下束... 
12:50:57 直流下束... 
12:51:01 停止 
12:51:01 停止扫描... 
12:51:04 直流下束... 
12:51:10 空扫... 
12:51:10 空扫... 
12:51:12 停止 
12:51:12 停止扫描... 
12:51:13 直流下束... 
12:51:23 停止 
12:51:23 停止扫描... 
12:51:25 直流下束... 
12:51:27 停止 
12:51:27 停止扫描... 
12:51:33 停止 
12:51:33 停止扫描... 
15:55:20 开始X方向预热 
15:55:21 X向预热... 
15:55:26 停止 
15:55:26 停止扫描... 
15:55:28 开始X方向预热 
15:55:28 X向预热... 
15:55:33 停止 
15:55:33 停止扫描... 
15:55:35 开始X方向预热 
15:55:35 X向预热... 
15:57:47 停止 
15:57:47 停止扫描... 
15:57:51 开始X方向预热 
15:57:51 X向预热... 
15:58:09 停止 
15:58:09 停止扫描... 
15:58:19 开始X方向预热 
15:58:19 X向预热... 
16:00:06 停止 
16:00:06 停止扫描... 
16:00:14 开始X方向预热 
16:00:14 X向预热... 
16:00:18 停止 
16:00:18 停止扫描... 
16:00:20 开始Y方向预热 
16:00:21 Y向预热... 
16:00:39 开始Y方向预热 
16:00:39 Y向预热... 
16:00:42 停止 
16:00:42 停止扫描... 
16:00:43 开始X方向预热 
16:00:44 X向预热... 
16:01:30 开始X方向预热 
16:01:37 X向预热... 
16:01:43 停止 
16:01:43 停止扫描... 
16:01:45 开始X方向预热 
16:01:45 X向预热... 
16:02:11 停止 
16:02:11 停止扫描... 
16:02:14 开始X方向预热 
16:02:14 X向预热... 
16:06:42 停止 
16:06:42 停止扫描... 
16:06:54 直流下束... 
16:07:21 停止 
16:07:21 停止扫描... 
16:07:22 直流下束... 
16:09:23 停止 
16:09:23 停止扫描... 
16:09:36 开始X方向预热 
16:09:36 X向预热... 
16:13:49 停止 
16:13:49 停止扫描... 
16:13:52 开始X方向预热 
16:13:52 X向预热... 
16:15:18 停止 
16:15:18 停止扫描... 
16:15:22 开始X方向预热 
16:15:23 X向预热... 
16:15:45 停止 
16:15:45 停止扫描... 
16:15:54 开始X方向预热 
16:15:54 X向预热... 
16:16:22 停止 
16:16:22 停止扫描... 
16:16:30 开始X方向预热 
16:16:31 X向预热... 
16:17:14 停止 
16:17:14 停止扫描... 
16:17:21 直流下束... 
16:17:39 停止 
16:17:39 停止扫描... 
16:17:52 直流下束... 
16:17:57 停止 
16:17:57 停止扫描... 
16:17:59 开始X方向预热 
16:18:00 X向预热... 
16:18:58 停止 
16:18:58 停止扫描... 
16:19:14 直流下束... 
16:19:25 停止 
16:19:25 停止扫描... 
16:19:34 直流下束... 
16:20:02 停止 
16:20:02 停止扫描... 
16:20:14 开始X方向预热 
16:20:14 X向预热... 
16:20:42 停止 
16:20:42 停止扫描... 
16:20:44 开始X方向预热 
16:20:44 X向预热... 
16:20:53 停止 
16:20:53 停止扫描... 
16:20:57 直流下束... 
16:20:59 停止 
16:20:59 停止扫描... 
16:21:02 直流下束... 
16:21:18 停止 
16:21:18 停止扫描... 
16:21:19 直流下束... 
16:21:21 停止 
16:21:21 停止扫描... 
16:21:24 开始X方向预热 
16:21:25 X向预热... 
16:21:31 停止 
16:21:31 停止扫描... 
16:21:34 直流下束... 
16:21:35 停止 
16:21:35 停止扫描... 
16:24:38 停止 
16:24:38 停止扫描... 
16:24:39 开始X方向预热 
16:24:39 X向预热... 
16:24:50 停止 
16:24:50 停止扫描... 
16:24:55 开始Y方向预热 
16:24:56 Y向预热... 
16:25:08 停止 
16:25:08 停止扫描... 
16:25:12 直流下束... 
16:26:56 停止 
16:26:56 停止扫描... 
16:31:17 停止 
16:31:17 停止扫描... 
