20:50:33 开始X方向预热 
20:50:36 X向预热... 
20:51:22 开始X方向预热 
20:51:24 X向预热... 
20:51:35 停止 
20:51:35 停止扫描... 
20:51:49 开始X方向预热 
20:51:49 X向预热... 
20:51:55 停止 
20:51:55 停止扫描... 
20:52:04 开始X方向预热 
20:52:04 X向预热... 
20:52:17 停止 
20:52:17 停止扫描... 
20:52:20 开始X方向预热 
20:52:20 X向预热... 
20:52:28 开始X方向预热 
20:52:28 X向预热... 
20:54:12 直流下束... 
20:54:58 开始X方向预热 
20:54:59 X向预热... 
20:55:13 停止 
20:55:13 停止扫描... 
20:55:15 开始X方向预热 
20:55:15 X向预热... 
20:55:22 停止 
20:55:22 停止扫描... 
20:55:25 开始Y方向预热 
20:55:26 Y向预热... 
20:55:33 停止 
20:55:33 停止扫描... 
20:55:37 直流下束... 
20:55:40 停止 
20:55:40 停止扫描... 
20:55:46 直流下束... 
20:55:55 直流下束... 
20:56:16 停止 
20:56:16 停止扫描... 
20:56:19 直流下束... 
20:56:21 停止 
20:56:21 停止扫描... 
20:56:33 开始Y方向预热 
20:56:33 Y向预热... 
20:56:36 停止 
20:56:36 停止扫描... 
20:56:38 开始X方向预热 
20:56:38 X向预热... 
20:56:46 停止 
20:56:46 停止扫描... 
20:57:08 cad  扫描 
20:57:29 cad  扫描 
20:57:42 cad  扫描 
20:58:42 停止 
20:58:42 停止扫描... 
21:15:31 开始X方向预热 
21:15:33 X向预热... 
21:15:38 停止 
21:15:38 停止扫描... 
21:15:42 开始X方向预热 
21:15:42 X向预热... 
21:15:56 开始X方向预热 
21:15:56 X向预热... 
21:16:12 开始X方向预热 
21:16:12 X向预热... 
21:16:38 开始X方向预热 
21:16:38 X向预热... 
21:16:54 开始X方向预热 
21:16:55 X向预热... 
21:17:04 开始X方向预热 
21:17:04 X向预热... 
21:17:12 开始X方向预热 
21:17:13 X向预热... 
21:17:35 直流下束... 
21:17:59 停止 
21:17:59 停止扫描... 
21:18:02 开始X方向预热 
21:18:03 X向预热... 
21:18:04 停止 
21:18:04 停止扫描... 
21:18:26 cad  扫描 
21:18:33 cad  扫描 
21:18:48 cad  扫描 
21:18:56 cad  扫描 
21:19:04 开始X方向预热 
21:19:04 X向预热... 
21:19:08 停止 
21:19:08 停止扫描... 
21:19:11 cad  扫描 
21:19:15 直流下束... 
21:19:17 停止 
21:19:17 停止扫描... 
