11:47:21 开始X方向预热 
11:54:01 开始X方向预热 
11:54:02 X向预热... 
11:54:04 停止 
11:54:04 停止扫描... 
11:57:18 直流下束... 
11:59:47 开始X方向预热 
11:59:48 X向预热... 
12:00:33 停止 
12:00:33 停止扫描... 
12:00:37 开始Y方向预热 
12:00:38 Y向预热... 
12:00:41 停止 
12:00:41 停止扫描... 
12:00:45 开始X方向预热 
12:00:45 X向预热... 
12:00:48 停止 
12:00:48 停止扫描... 
12:01:21 cad  扫描 
12:02:10 停止 
12:02:10 停止扫描... 
12:02:36 cad  扫描 
12:02:47 停止 
12:02:47 停止扫描... 
12:40:03 开始X方向预热 
12:40:04 X向预热... 
12:40:08 停止 
12:40:08 停止扫描... 
12:40:13 开始Y方向预热 
12:40:13 Y向预热... 
12:40:16 停止 
12:40:16 停止扫描... 
12:54:25 开始Y方向预热 
12:54:25 Y向预热... 
12:55:38 cad  扫描 
13:21:39 直流下束... 
13:26:17 开始X方向预热 
13:26:18 X向预热... 
13:26:27 停止 
13:26:27 停止扫描... 
13:26:37 开始Y方向预热 
13:26:37 Y向预热... 
13:26:46 停止 
13:26:46 停止扫描... 
13:26:57 开始Y方向预热 
13:26:58 Y向预热... 
13:30:42 cad  扫描 
13:32:22 停止 
13:32:22 停止扫描... 
13:53:44 直流下束... 
13:53:45 停止 
13:53:45 停止扫描... 
13:53:47 开始X方向预热 
13:53:47 X向预热... 
13:53:48 停止 
13:53:48 停止扫描... 
